2026-04-26 03:26:30,519:INFO:Initializing load_model()
2026-04-26 03:26:30,519:INFO:load_model(model_name=../Dta/finalModel/DS1/rbfsvm_final, platform=None, authentication=None, verbose=True)
2026-04-26 03:28:40,155:INFO:Initializing load_model()
2026-04-26 03:28:40,156:INFO:load_model(model_name=../Dta/finalModel/DS1/rbfsvm_final, platform=None, authentication=None, verbose=True)
2026-04-26 03:34:53,795:INFO:Initializing load_model()
2026-04-26 03:34:53,795:INFO:load_model(model_name=../Data/finalModel/DS1/rbfsvm_final, platform=None, authentication=None, verbose=True)
2026-04-26 03:34:53,799:INFO:Initializing load_model()
2026-04-26 03:34:53,799:INFO:load_model(model_name=../Data/finalModel/DS1/lightgbm_final, platform=None, authentication=None, verbose=True)
2026-04-26 03:34:53,815:INFO:Initializing load_model()
2026-04-26 03:34:53,815:INFO:load_model(model_name=../Data/finalModel/DS1/xgboost_final, platform=None, authentication=None, verbose=True)
2026-04-26 03:34:53,864:INFO:Initializing load_model()
2026-04-26 03:34:53,865:INFO:load_model(model_name=../Data/finalModel/DS1/dt_final, platform=None, authentication=None, verbose=True)
2026-04-26 03:34:53,868:INFO:Initializing load_model()
2026-04-26 03:34:53,868:INFO:load_model(model_name=../Data/finalModel/DS1/et_final, platform=None, authentication=None, verbose=True)
2026-04-26 03:48:35,436:INFO:Initializing load_model()
2026-04-26 03:48:35,436:INFO:load_model(model_name=../Data/finalModel/DS1/rbfsvm_final, platform=None, authentication=None, verbose=True)
2026-04-26 03:48:35,439:INFO:Initializing load_model()
2026-04-26 03:48:35,439:INFO:load_model(model_name=../Data/finalModel/DS1/lightgbm_final, platform=None, authentication=None, verbose=True)
2026-04-26 03:48:35,447:INFO:Initializing load_model()
2026-04-26 03:48:35,447:INFO:load_model(model_name=../Data/finalModel/DS1/xgboost_final, platform=None, authentication=None, verbose=True)
2026-04-26 03:48:35,479:INFO:Initializing load_model()
2026-04-26 03:48:35,479:INFO:load_model(model_name=../Data/finalModel/DS1/dt_final, platform=None, authentication=None, verbose=True)
2026-04-26 03:48:35,482:INFO:Initializing load_model()
2026-04-26 03:48:35,482:INFO:load_model(model_name=../Data/finalModel/DS1/et_final, platform=None, authentication=None, verbose=True)
2026-04-26 04:20:47,850:INFO:Initializing load_model()
2026-04-26 04:20:47,850:INFO:load_model(model_name=../Data/finalModel/DS1/rbfsvm_final, platform=None, authentication=None, verbose=True)
2026-04-26 04:20:47,861:INFO:Initializing load_model()
2026-04-26 04:20:47,862:INFO:load_model(model_name=../Data/finalModel/DS1/lightgbm_final, platform=None, authentication=None, verbose=True)
2026-04-26 04:20:47,878:INFO:Initializing load_model()
2026-04-26 04:20:47,879:INFO:load_model(model_name=../Data/finalModel/DS1/xgboost_final, platform=None, authentication=None, verbose=True)
2026-04-26 04:20:47,940:INFO:Initializing load_model()
2026-04-26 04:20:47,940:INFO:load_model(model_name=../Data/finalModel/DS1/dt_final, platform=None, authentication=None, verbose=True)
2026-04-26 04:20:47,951:INFO:Initializing load_model()
2026-04-26 04:20:47,951:INFO:load_model(model_name=../Data/finalModel/DS1/et_final, platform=None, authentication=None, verbose=True)
2026-04-26 04:24:37,194:INFO:Initializing load_model()
2026-04-26 04:24:37,195:INFO:load_model(model_name=../Data/finalModel/DS1/rbfsvm_final, platform=None, authentication=None, verbose=True)
2026-04-26 04:24:37,198:INFO:Initializing load_model()
2026-04-26 04:24:37,198:INFO:load_model(model_name=../Data/finalModel/DS1/lightgbm_final, platform=None, authentication=None, verbose=True)
2026-04-26 04:24:37,206:INFO:Initializing load_model()
2026-04-26 04:24:37,206:INFO:load_model(model_name=../Data/finalModel/DS1/xgboost_final, platform=None, authentication=None, verbose=True)
2026-04-26 04:24:37,249:INFO:Initializing load_model()
2026-04-26 04:24:37,249:INFO:load_model(model_name=../Data/finalModel/DS1/dt_final, platform=None, authentication=None, verbose=True)
2026-04-26 04:24:37,251:INFO:Initializing load_model()
2026-04-26 04:24:37,251:INFO:load_model(model_name=../Data/finalModel/DS1/et_final, platform=None, authentication=None, verbose=True)
2026-04-26 04:35:16,071:INFO:Initializing load_model()
2026-04-26 04:35:16,071:INFO:load_model(model_name=../Data/finalModel/DS2/rbfsvm_final, platform=None, authentication=None, verbose=True)
2026-04-26 04:35:16,086:INFO:Initializing load_model()
2026-04-26 04:35:16,087:INFO:load_model(model_name=../Data/finalModel/DS2/lightgbm_final, platform=None, authentication=None, verbose=True)
2026-04-26 04:35:16,106:INFO:Initializing load_model()
2026-04-26 04:35:16,106:INFO:load_model(model_name=../Data/finalModel/DS2/xgboost_final, platform=None, authentication=None, verbose=True)
2026-04-26 04:35:16,151:INFO:Initializing load_model()
2026-04-26 04:35:16,151:INFO:load_model(model_name=../Data/finalModel/DS2/dt_final, platform=None, authentication=None, verbose=True)
2026-04-26 04:35:16,163:INFO:Initializing load_model()
2026-04-26 04:35:16,164:INFO:load_model(model_name=../Data/finalModel/DS2/et_final, platform=None, authentication=None, verbose=True)
2026-04-26 04:37:10,905:INFO:Initializing load_model()
2026-04-26 04:37:10,905:INFO:load_model(model_name=../Data/finalModel/DS3/rbfsvm_final, platform=None, authentication=None, verbose=True)
2026-04-26 04:37:10,920:INFO:Initializing load_model()
2026-04-26 04:37:10,920:INFO:load_model(model_name=../Data/finalModel/DS3/lightgbm_final, platform=None, authentication=None, verbose=True)
2026-04-26 04:37:10,941:INFO:Initializing load_model()
2026-04-26 04:37:10,941:INFO:load_model(model_name=../Data/finalModel/DS3/xgboost_final, platform=None, authentication=None, verbose=True)
2026-04-26 04:37:10,990:INFO:Initializing load_model()
2026-04-26 04:37:10,990:INFO:load_model(model_name=../Data/finalModel/DS3/dt_final, platform=None, authentication=None, verbose=True)
2026-04-26 04:37:11,004:INFO:Initializing load_model()
2026-04-26 04:37:11,005:INFO:load_model(model_name=../Data/finalModel/DS3/et_final, platform=None, authentication=None, verbose=True)
2026-04-26 04:39:31,841:INFO:Initializing load_model()
2026-04-26 04:39:31,842:INFO:load_model(model_name=../Data/finalModel/DS4/rbfsvm_final, platform=None, authentication=None, verbose=True)
2026-04-26 04:39:31,855:INFO:Initializing load_model()
2026-04-26 04:39:31,856:INFO:load_model(model_name=../Data/finalModel/DS4/lightgbm_final, platform=None, authentication=None, verbose=True)
2026-04-26 04:39:31,874:INFO:Initializing load_model()
2026-04-26 04:39:31,874:INFO:load_model(model_name=../Data/finalModel/DS4/xgboost_final, platform=None, authentication=None, verbose=True)
2026-04-26 04:39:31,919:INFO:Initializing load_model()
2026-04-26 04:39:31,920:INFO:load_model(model_name=../Data/finalModel/DS4/dt_final, platform=None, authentication=None, verbose=True)
2026-04-26 04:39:31,932:INFO:Initializing load_model()
2026-04-26 04:39:31,932:INFO:load_model(model_name=../Data/finalModel/DS4/et_final, platform=None, authentication=None, verbose=True)
